268.305589996284538756
268.341572356140261491
268.367433832902349877
268.383805358210508984
268.391186570032118652
268.390071296708811133
268.380945966508136280
268.364288098386339243
268.340564886341951478
268.310231888480927864
268.273731830478027405
268.231493531503815575
268.183930959001429528
268.131442416886670799
268.074409869943167450
268.013198405359219123
267.948155830581697501
267.879612404955480542
267.807880701031649551
267.733255589968962340
267.656014344154755236
267.576416849053941860
267.494705915363567783
267.411107681818521087
267.325832098472176312
267.239073479927981225
267.151011117885161639
267.061809942379227323
266.971621221329769469
266.880583288355182958
266.788822289320023629
266.696452938675349742
266.603579277352139343
266.510295424726677993
266.416686317993026023
266.322828433102813506
266.228790482289753072
266.134634084016283850
266.040414402012174833
265.946180750821099537
265.851977166027154453
265.757842937977670772
265.663813108447982358
265.569918930212793384
265.476188289992023783
265.382646095606219205
265.289314628552688191
265.196213863455568571
265.103361756073638844
265.010774501695664185
264.918466765861808199
264.826451889404779649
264.734742069827291289
264.643348521007851559
264.552281613197635579
264.461550995179095480
264.371165700399444631
264.281134238766071576
264.191464675700103726
264.102164699918091628
264.013241681295994567
263.924702720056075123
263.836554688392311618
263.748804265547335035
263.661457967236970035
263.574522170227965034
263.488003132770813863
263.401907011510672874
263.316239875415817551
263.231007717192881046
263.146216462592576590
263.061871977956002411
262.977980076296773859
262.894546522168752745
262.811577035536004132
262.729077294821649957
262.647052939284890272
262.565509570855340371
262.484452755521488143
262.403888024366210630
262.323820874309603823
262.244256768629782073
262.165201137295923672
262.086659377157843664
262.008636852022448238
261.931138892639694404
261.854170796618234363
261.777737828288252331
261.701845218520759317
261.626498164515453482
261.551701829566297874
261.477461342803394473
261.403781798928434910
261.330668257936054033
261.258125744827509607
261.186159249324191478
261.114773725571239993
261.043974091846848751
260.973765230265200898
260.904151986482986558
260.835139169403873893
260.766731550885140223
260.698933865446861091
260.631750809980701433
260.565187043462174188
260.499247186663751563
260.433935821869965821
260.369257492596034353
260.305216703308190063
260.241817919145773885
260.179065565644975777
260.116964028467236858
260.055517653128561051
259.994730744730702554
259.934607567697241848
259.875152345508979579
259.816369260444503198
259.758262453320810437
259.700836023239958195
259.644094027334915609
259.588040480518714048
259.532679355238599328
259.478014581229501800
259.424050045272451825
259.370789590954075265
259.318237018430068019
259.266396084190887450
259.215270500829262801
259.164863936812253087
259.115180016254385009
259.066222318693633042
259.017994378871605932
258.970499686514529003
258.923741686119512906
258.877723776739514960
258.832449311776031209
258.787921598771845311
258.744143899205539583
258.701119428292372504
258.658851354784474097
258.617342800775020351
258.576596841507296176
258.536616505184952075
258.497404772782715554
258.458964577865344836
258.421298806404763582
258.384410296603789448
258.348301838718953150
258.312976174890309267
258.278435998971247045
258.244683956362280242
258.211722643848872849
258.179554609439549040
258.148182352210540103
258.117608322150545064
258.087834920009697726
258.058864497151830619
258.030699355409069540
258.003341746939895529
257.976793874090844838
257.951057889259232070
257.926135894761841882
257.902029942705325993
257.878742034858134957
257.856274122528247972
257.834628106442266926
257.813805836628432644
257.793809112302540143
257.774639681756866594
257.756299242252453041
257.738789439913375645
257.722111869627099168
257.706268074944546242
257.691259547985623612
257.677087729347249478
257.663754008013938801
257.651259721272310799
257.639606154629120738
257.628794541730883338
257.618826064289805799
257.609701852007503931
257.601422982508609039
257.593990481273181103
257.587405321572475714
257.581668424410622720
257.576780658466645946
257.572742840040461942
257.569555733003937803
257.567220048752858474
257.565736446163555229
257.565105531551125750
257.565327858634134373
257.566403928497891229
257.568334189565348424
257.571119037569474131
257.574758815526820399
257.579253813719560640
257.584604269675139676
257.590810368152006049
257.597872241128470705
257.605789967795431039
257.614563574550061276
257.624193034995244034
257.634678269939911388
257.646019147405979766
257.658215482634318505
257.671267038097994373
257.685173523515516081
257.699934595869478926
257.715549859427142110
257.732018865765837745
257.749341113799403047
257.767516049810524237
257.786543067482909919
257.806421507940797255
257.827150659788571829
257.848729759153968644
257.871157989737127991
257.894434482859139735
257.918558317515476119
257.943528520435904738
257.969344066139512961
257.996003877002465288
258.023506823322065884
258.051851723386789672
258.081037343549553498
258.111062398304568433
258.141925550364078390
258.173625410743966313
258.206160538848052965
258.239529442555863170
258.273730578316758510
258.308762351243046851
258.344623115210026754
258.381311172957225608
258.418824776192309400
258.457162125699596800
258.496321371450733295
258.536300612719458059
258.577097898197052928
258.618711226115465251
258.661138544368498060
258.704377750639366695
258.748426692530074433
258.793283167694255553
258.838944923973599543
258.885409659535866922
258.932675023017509375
258.980738613667710979
259.029597981498284298
259.079250627433452792
259.129694003463384888
259.180925512803810307
259.232942510053703700
259.285742301359903195
259.339322144582183682
259.393679249464071290
259.448810777803146266
259.504713843626745984
259.561385513370794342
259.618822806059540653
259.677022693490300753
259.735982100420187635
259.795697904754604224
259.856166937742216305
259.917385984167935931
259.979351782552953409
260.042061025354371395
260.105510359171205437
260.169696384949304502
260.234615658192922183
260.300264689175435251
260.366639943154950743
260.433737840593039436
260.501554757375913596
260.570087025037025796
260.639330930982168866
260.709282718721908623
260.779938588099867047
260.851294695530157242
260.923347154231407785
260.996092034469370446
261.069525363796458350
261.143643127298787476
261.218441267844070808
261.293915686330763037
261.370062241941184311
261.446876752397031396
261.524354994217162584
261.602492702979247952
261.681285573581305925
261.760729260508128391
261.840819378098785819
261.921551500817031410
262.002921163525968495
262.084923861761467379
262.167555052010868621
262.250810151992936881
262.334684540940941133
262.419173559887951797
262.504272511952819968
262.589976662631670479
262.676281240088542290
262.763181435450690060
262.850672403104795194
262.938749260996019075
263.027407090928818434
263.116640938871057642
263.206445815258064158
263.296816695302311473
263.387748519302817840
263.479236192955568185
263.571274587670643541
263.663858540885712500
263.756982856386741787
263.850642304627172052
263.944831623051356928
264.039545516418286297
264.134778657128833856
264.230525685554312076
264.326781210367471431
264.423539808873840684
264.520796027347671497
264.618544381366803009
264.716779356152869696
264.815495406909690246
264.914686959166317592
265.014348409120430006
265.114474123984678045
265.215058442332974664
265.316095674451219111
265.417580102686372356
265.519505981801671624
265.621867539328547991
265.724658975923944126
265.827874465727575171
265.931508156722713920
266.035554171094588582
266.140006605595090150
266.244859531906001848
266.350106997004957066
266.455743023532818370
266.561761610161624958
266.668156731965609652
266.774922340792727482
266.882052365637150615
266.989540713014662288
267.097381267337425470
267.205567891291764226
267.314094426217934597
267.422954692487564898
267.532142489887007741
267.641651597998645684
267.751475776584811683
267.861608765972903257
267.972044287441008237
268.082776043606088479
268.193797718812504627
268.305102979519574546
268.416685474694872937
268.528538836204688778
268.640656679206415447
268.753032602543839857
268.865660189140896819
268.978533006397071858
269.091644606585759902
269.204988527250407060
269.318558291603892485
269.432347408928762889
269.546349374975591218
269.660557672366849147
269.774965770996061565
269.889567128433441212
270.004355190327373748
270.119323390809313423
270.234465152899247187
270.349773888911272479
270.465243000858833966
270.580865880863143502
270.696635911561145349
270.812546466511264498
270.928590910604839337
271.044762600473575276
271.161054884900806883
271.277461105230429439
271.393974595778502135
271.510588684244623892
271.627296692121547039
271.744091935110589020
271.860967723530336571
271.977917362732057427
272.094934153510735086
272.212011392519627861
272.329142372683293161
272.446320383610725457
272.563538712010711151
272.680790642104511790
272.798069456040195746
272.915368434309016266
273.032680856156162008
273.149999999999977263
